#
# There is insufficient memory for the Java Runtime Environment to continue.
# Native memory allocation (mmap) failed to map 65536 bytes. Error detail: Failed to commit metaspace.
# Possible reasons:
#   The system is out of physical RAM or swap space
#   This process is running with CompressedOops enabled, and the Java Heap may be blocking the growth of the native heap
# Possible solutions:
#   Reduce memory load on the system
#   Increase physical memory or swap space
#   Check if swap backing store is full
#   Decrease Java heap size (-Xmx/-Xms)
#   Decrease number of Java threads
#   Decrease Java thread stack sizes (-Xss)
#   Set larger code cache with -XX:ReservedCodeCacheSize=
#   JVM is running with Unscaled Compressed Oops mode in which the Java heap is
#     placed in the first 4GB address space. The Java Heap base address is the
#     maximum limit for the native heap growth. Please use -XX:HeapBaseMinAddress
#     to set the Java Heap base and to place the Java Heap above 4GB virtual address.
# This output file may be truncated or incomplete.
#
#  Out of Memory Error (virtualSpaceNode.cpp:110), pid=22504, tid=16920
#
# JRE version: OpenJDK Runtime Environment Temurin-17.0.12+7 (17.0.12+7) (build 17.0.12+7)
# Java VM: OpenJDK 64-Bit Server VM Temurin-17.0.12+7 (17.0.12+7, mixed mode, tiered, compressed oops, compressed class ptrs, parallel gc, windows-amd64)
# No core dump will be written. Minidumps are not enabled by default on client versions of Windows
#

---------------  S U M M A R Y ------------

Command Line: --add-modules=ALL-SYSTEM --add-opens=java.base/java.util=ALL-UNNAMED --add-opens=java.base/java.lang=ALL-UNNAMED --add-opens=java.base/sun.nio.fs=ALL-UNNAMED -Declipse.application=org.eclipse.jdt.ls.core.id1 -Dosgi.bundles.defaultStartLevel=4 -Declipse.product=org.eclipse.jdt.ls.core.product -Djava.import.generatesMetadataFilesAtProjectRoot=false -DDetectVMInstallationsJob.disabled=true -Dfile.encoding=utf8 -XX:+UseParallelGC -XX:GCTimeRatio=4 -XX:AdaptiveSizePolicyWeight=90 -Dsun.zip.disableMemoryMapping=true -Xmx1G -Xms100m -Xlog:disable -javaagent:c:\Users\nikit\.vscode\extensions\redhat.java-1.34.0-win32-x64\lombok\lombok-1.18.33.jar c:\Users\nikit\.vscode\extensions\redhat.java-1.34.0-win32-x64\server\plugins\org.eclipse.equinox.launcher_1.6.900.v20240613-2009.jar -configuration c:\Users\nikit\AppData\Roaming\Code\User\globalStorage\redhat.java\1.34.0\config_ss_win -data c:\Users\nikit\AppData\Roaming\Code\User\workspaceStorage\2e9366d7b4905fe2118edf5ad00f41c6\redhat.java\ss_ws --pipe=\\.\pipe\lsp-1467db628a3755e0ab78e42a0662bd05-sock

Host: Intel(R) Core(TM) i5-1035G1 CPU @ 1.00GHz, 8 cores, 7G,  Windows 11 , 64 bit Build 22621 (10.0.22621.3958)
Time: Mon Sep 16 09:02:38 2024 India Standard Time elapsed time: 1.309768 seconds (0d 0h 0m 1s)

---------------  T H R E A D  ---------------

Current thread (0x0000025dc41847f0):  JavaThread "C1 CompilerThread0" daemon [_thread_in_vm, id=16920, stack(0x0000008586900000,0x0000008586a00000)]


Current CompileTask:
C1:   1309  880       3       java.net.URLStreamHandler::setURL (73 bytes)

Stack: [0x0000008586900000,0x0000008586a00000]
Native frames: (J=compiled Java code, j=interpreted, Vv=VM code, C=native code)
V  [jvm.dll+0x67f929]
V  [jvm.dll+0x8371ba]
V  [jvm.dll+0x838c7e]
V  [jvm.dll+0x8392e3]
V  [jvm.dll+0x24834f]
V  [jvm.dll+0x832e6d]
V  [jvm.dll+0x623e9e]
V  [jvm.dll+0x623f0a]
V  [jvm.dll+0x626724]
V  [jvm.dll+0x624846]
V  [jvm.dll+0x635cba]
V  [jvm.dll+0x62e99a]
V  [jvm.dll+0x1ce080]
V  [jvm.dll+0x1ce270]
V  [jvm.dll+0x148b01]
V  [jvm.dll+0x148945]
V  [jvm.dll+0x140178]
V  [jvm.dll+0x142735]
V  [jvm.dll+0x140a14]
V  [jvm.dll+0x14941d]
V  [jvm.dll+0x148945]
V  [jvm.dll+0x140178]
V  [jvm.dll+0x142735]
V  [jvm.dll+0x140a14]
V  [jvm.dll+0x13a95f]
V  [jvm.dll+0x14a5a6]
V  [jvm.dll+0x1360e0]
V  [jvm.dll+0x136440]
V  [jvm.dll+0x136706]
V  [jvm.dll+0x135b9a]
V  [jvm.dll+0x137851]
V  [jvm.dll+0x229a2d]
V  [jvm.dll+0x227bdc]
V  [jvm.dll+0x7ec1f7]
V  [jvm.dll+0x7e65dc]
V  [jvm.dll+0x67e7f7]
C  [ucrtbase.dll+0x29333]
C  [KERNEL32.DLL+0x1257d]
C  [ntdll.dll+0x5af28]


---------------  P R O C E S S  ---------------

Threads class SMR info:
_java_thread_list=0x0000025dc44f56d0, length=13, elements={
0x0000025da924c810, 0x0000025dbf023020, 0x0000025dbf024290, 0x0000025dbf0272d0,
0x0000025dc4177030, 0x0000025dc417a470, 0x0000025dc417b580, 0x0000025dc4181680,
0x0000025dc41847f0, 0x0000025dc418d8d0, 0x0000025dc426d7f0, 0x0000025dc43b12f0,
0x0000025dc43b3e90
}

Java Threads: ( => current thread )
  0x0000025da924c810 JavaThread "main" [_thread_in_vm, id=13252, stack(0x0000008585f00000,0x0000008586000000)]
  0x0000025dbf023020 JavaThread "Reference Handler" daemon [_thread_blocked, id=11824, stack(0x0000008586200000,0x0000008586300000)]
  0x0000025dbf024290 JavaThread "Finalizer" daemon [_thread_blocked, id=23312, stack(0x0000008586300000,0x0000008586400000)]
  0x0000025dbf0272d0 JavaThread "Signal Dispatcher" daemon [_thread_blocked, id=21844, stack(0x0000008586400000,0x0000008586500000)]
  0x0000025dc4177030 JavaThread "Attach Listener" daemon [_thread_blocked, id=3908, stack(0x0000008586500000,0x0000008586600000)]
  0x0000025dc417a470 JavaThread "Service Thread" daemon [_thread_blocked, id=10428, stack(0x0000008586600000,0x0000008586700000)]
  0x0000025dc417b580 JavaThread "Monitor Deflation Thread" daemon [_thread_blocked, id=22372, stack(0x0000008586700000,0x0000008586800000)]
  0x0000025dc4181680 JavaThread "C2 CompilerThread0" daemon [_thread_blocked, id=3648, stack(0x0000008586800000,0x0000008586900000)]
=>0x0000025dc41847f0 JavaThread "C1 CompilerThread0" daemon [_thread_in_vm, id=16920, stack(0x0000008586900000,0x0000008586a00000)]
  0x0000025dc418d8d0 JavaThread "Sweeper thread" daemon [_thread_blocked, id=20804, stack(0x0000008586a00000,0x0000008586b00000)]
  0x0000025dc426d7f0 JavaThread "Common-Cleaner" daemon [_thread_blocked, id=22780, stack(0x0000008586b00000,0x0000008586c00000)]
  0x0000025dc43b12f0 JavaThread "C2 CompilerThread1" daemon [_thread_blocked, id=20520, stack(0x0000008586c00000,0x0000008586d00000)]
  0x0000025dc43b3e90 JavaThread "Notification Thread" daemon [_thread_blocked, id=24548, stack(0x0000008586d00000,0x0000008586e00000)]

Other Threads:
  0x0000025da92f77e0 VMThread "VM Thread" [stack: 0x0000008586100000,0x0000008586200000] [id=22500]
  0x0000025dc53601b0 WatcherThread [stack: 0x0000008586e00000,0x0000008586f00000] [id=17412]
  0x0000025da92614a0 GCTaskThread "GC Thread#0" [stack: 0x0000008586000000,0x0000008586100000] [id=22328]

Threads with active compile tasks:
C1 CompilerThread0     1354  880       3       java.net.URLStreamHandler::setURL (73 bytes)

VM state: not at safepoint (normal execution)

VM Mutex/Monitor currently owned by a thread:  ([mutex/lock_event])
[0x0000025da92470b0] Metaspace_lock - owner thread: 0x0000025dc41847f0
[0x0000025da9249bc0] MethodData_lock - owner thread: 0x0000025dc41847f0

Heap address: 0x00000000c0000000, size: 1024 MB, Compressed Oops mode: 32-bit

CDS archive(s) not mapped
Compressed class space mapped at: 0x0000000100000000-0x0000000140000000, reserved size: 1073741824
Narrow klass base: 0x0000000000000000, Narrow klass shift: 3, Narrow klass range: 0x140000000

GC Precious Log:
 CPUs: 8 total, 8 available
 Memory: 7930M
 Large Page Support: Disabled
 NUMA Support: Disabled
 Compressed Oops: Enabled (32-bit)
 Alignments: Space 512K, Generation 512K, Heap 2M
 Heap Min Capacity: 100M
 Heap Initial Capacity: 100M
 Heap Max Capacity: 1G
 Pre-touch: Disabled
 Parallel Workers: 8

Heap:
 PSYoungGen      total 29696K, used 24151K [0x00000000eab00000, 0x00000000ecc00000, 0x0000000100000000)
  eden space 25600K, 94% used [0x00000000eab00000,0x00000000ec295e58,0x00000000ec400000)
  from space 4096K, 0% used [0x00000000ec800000,0x00000000ec800000,0x00000000ecc00000)
  to   space 4096K, 0% used [0x00000000ec400000,0x00000000ec400000,0x00000000ec800000)
 ParOldGen       total 68608K, used 0K [0x00000000c0000000, 0x00000000c4300000, 0x00000000eab00000)
  object space 68608K, 0% used [0x00000000c0000000,0x00000000c0000000,0x00000000c4300000)
 Metaspace       used 10534K, committed 10688K, reserved 1114112K
  class space    used 1052K, committed 1152K, reserved 1048576K

Card table byte_map: [0x0000025dbc8a0000,0x0000025dbcab0000] _byte_map_base: 0x0000025dbc2a0000

Marking Bits: (ParMarkBitMap*) 0x00007ff88bc958b0
 Begin Bits: [0x0000025dbcc10000, 0x0000025dbdc10000)
 End Bits:   [0x0000025dbdc10000, 0x0000025dbec10000)

Polling page: 0x0000025da9300000

Metaspace:

Usage:
  Non-class:      9.26 MB used.
      Class:      1.03 MB used.
       Both:     10.29 MB used.

Virtual space:
  Non-class space:       64.00 MB reserved,       9.31 MB ( 15%) committed,  1 nodes.
      Class space:        1.00 GB reserved,       1.12 MB ( <1%) committed,  1 nodes.
             Both:        1.06 GB reserved,      10.44 MB ( <1%) committed. 

Chunk freelists:
   Non-Class:  6.41 MB
       Class:  14.70 MB
        Both:  21.11 MB

MaxMetaspaceSize: unlimited
CompressedClassSpaceSize: 1.00 GB
Initial GC threshold: 21.00 MB
Current GC threshold: 21.00 MB
CDS: off
MetaspaceReclaimPolicy: balanced
 - commit_granule_bytes: 65536.
 - commit_granule_words: 8192.
 - virtual_space_node_default_size: 8388608.
 - enlarge_chunks_in_place: 1.
 - new_chunks_are_fully_committed: 0.
 - uncommit_free_chunks: 1.
 - use_allocation_guard: 0.
 - handle_deallocations: 1.


Internal statistics:

num_allocs_failed_limit: 0.
num_arena_births: 14.
num_arena_deaths: 0.
num_vsnodes_births: 2.
num_vsnodes_deaths: 0.
num_space_committed: 167.
num_space_uncommitted: 0.
num_chunks_returned_to_freelist: 0.
num_chunks_taken_from_freelist: 79.
num_chunk_merges: 0.
num_chunk_splits: 50.
num_chunks_enlarged: 43.
num_inconsistent_stats: 0.

CodeHeap 'non-profiled nmethods': size=120000Kb used=384Kb max_used=384Kb free=119615Kb
 bounds [0x0000025db5180000, 0x0000025db53f0000, 0x0000025dbc6b0000]
CodeHeap 'profiled nmethods': size=120000Kb used=1460Kb max_used=1460Kb free=118539Kb
 bounds [0x0000025dad6b0000, 0x0000025dad920000, 0x0000025db4be0000]
CodeHeap 'non-nmethods': size=5760Kb used=1151Kb max_used=1174Kb free=4608Kb
 bounds [0x0000025db4be0000, 0x0000025db4e50000, 0x0000025db5180000]
 total_blobs=1307 nmethods=878 adapters=344
 compilation: enabled
              stopped_count=0, restarted_count=0
 full_count=0

Compilation events (20 events):
Event: 1.273 Thread 0x0000025dc41847f0  869       3       java.util.jar.JarFile::getEntry (35 bytes)
Event: 1.274 Thread 0x0000025dc41847f0 nmethod 869 0x0000025dad817890 code [0x0000025dad817a80, 0x0000025dad817ef8]
Event: 1.276 Thread 0x0000025dc41847f0  870       3       java.lang.System$2::findBootstrapClassOrNull (5 bytes)
Event: 1.277 Thread 0x0000025dc41847f0 nmethod 870 0x0000025dad818090 code [0x0000025dad818240, 0x0000025dad818458]
Event: 1.277 Thread 0x0000025dc41847f0  871       3       java.lang.ClassLoader::findBootstrapClassOrNull (14 bytes)
Event: 1.277 Thread 0x0000025dc41847f0 nmethod 871 0x0000025dad818590 code [0x0000025dad818740, 0x0000025dad8188f8]
Event: 1.277 Thread 0x0000025dc4181680 nmethod 867 0x0000025db51ded10 code [0x0000025db51deea0, 0x0000025db51df178]
Event: 1.279 Thread 0x0000025dc41847f0  872       1       jdk.internal.event.SecurityProviderServiceEvent::isEnabled (2 bytes)
Event: 1.279 Thread 0x0000025dc41847f0 nmethod 872 0x0000025db51df410 code [0x0000025db51df5a0, 0x0000025db51df678]
Event: 1.280 Thread 0x0000025dc41847f0  873       3       jdk.internal.loader.ClassLoaders$BootClassLoader::loadClassOrNull (10 bytes)
Event: 1.280 Thread 0x0000025dc41847f0 nmethod 873 0x0000025dad818990 code [0x0000025dad818b60, 0x0000025dad818df8]
Event: 1.285 Thread 0x0000025dc41847f0  876       3       java.lang.StringConcatHelper::initialCoder (14 bytes)
Event: 1.285 Thread 0x0000025dc41847f0 nmethod 876 0x0000025dad818f10 code [0x0000025dad8190a0, 0x0000025dad8191b8]
Event: 1.285 Thread 0x0000025dc41847f0  877       3       java.lang.String::concat (15 bytes)
Event: 1.288 Thread 0x0000025dc41847f0 nmethod 877 0x0000025dad819210 code [0x0000025dad819560, 0x0000025dad81aa48]
Event: 1.288 Thread 0x0000025dc41847f0  878       3       java.lang.StringConcatHelper::simpleConcat (94 bytes)
Event: 1.290 Thread 0x0000025dc41847f0 nmethod 878 0x0000025dad81b210 code [0x0000025dad81b540, 0x0000025dad81c9a8]
Event: 1.290 Thread 0x0000025dc41847f0  879       1       java.lang.NamedPackage::module (5 bytes)
Event: 1.290 Thread 0x0000025dc41847f0 nmethod 879 0x0000025db51dff10 code [0x0000025db51e00a0, 0x0000025db51e0178]
Event: 1.306 Thread 0x0000025dc41847f0  880       3       java.net.URLStreamHandler::setURL (73 bytes)

GC Heap History (0 events):
No events

Dll operation events (8 events):
Event: 0.011 Loaded shared library c:\Users\nikit\.vscode\extensions\redhat.java-1.34.0-win32-x64\jre\17.0.12-win32-x86_64\bin\java.dll
Event: 0.252 Loaded shared library c:\Users\nikit\.vscode\extensions\redhat.java-1.34.0-win32-x64\jre\17.0.12-win32-x86_64\bin\zip.dll
Event: 0.255 Loaded shared library C:\Users\nikit\.vscode\extensions\redhat.java-1.34.0-win32-x64\jre\17.0.12-win32-x86_64\bin\instrument.dll
Event: 0.272 Loaded shared library C:\Users\nikit\.vscode\extensions\redhat.java-1.34.0-win32-x64\jre\17.0.12-win32-x86_64\bin\net.dll
Event: 0.275 Loaded shared library C:\Users\nikit\.vscode\extensions\redhat.java-1.34.0-win32-x64\jre\17.0.12-win32-x86_64\bin\nio.dll
Event: 0.286 Loaded shared library C:\Users\nikit\.vscode\extensions\redhat.java-1.34.0-win32-x64\jre\17.0.12-win32-x86_64\bin\zip.dll
Event: 0.310 Loaded shared library C:\Users\nikit\.vscode\extensions\redhat.java-1.34.0-win32-x64\jre\17.0.12-win32-x86_64\bin\jimage.dll
Event: 0.396 Loaded shared library c:\Users\nikit\.vscode\extensions\redhat.java-1.34.0-win32-x64\jre\17.0.12-win32-x86_64\bin\verify.dll

Deoptimization events (20 events):
Event: 1.183 Thread 0x0000025da924c810 Uncommon trap: trap_request=0xffffffde fr.pc=0x0000025db51c6628 relative=0x0000000000000a68
Event: 1.183 Thread 0x0000025da924c810 Uncommon trap: reason=class_check action=maybe_recompile pc=0x0000025db51c6628 method=java.util.HashMap.putVal(ILjava/lang/Object;Ljava/lang/Object;ZZ)Ljava/lang/Object; @ 203 c2
Event: 1.183 Thread 0x0000025da924c810 DEOPT PACKING pc=0x0000025db51c6628 sp=0x0000008585ffd850
Event: 1.183 Thread 0x0000025da924c810 DEOPT UNPACKING pc=0x0000025db4c39ea3 sp=0x0000008585ffd778 mode 2
Event: 1.183 Thread 0x0000025da924c810 Uncommon trap: trap_request=0xffffffde fr.pc=0x0000025db51c6628 relative=0x0000000000000a68
Event: 1.183 Thread 0x0000025da924c810 Uncommon trap: reason=class_check action=maybe_recompile pc=0x0000025db51c6628 method=java.util.HashMap.putVal(ILjava/lang/Object;Ljava/lang/Object;ZZ)Ljava/lang/Object; @ 203 c2
Event: 1.183 Thread 0x0000025da924c810 DEOPT PACKING pc=0x0000025db51c6628 sp=0x0000008585ffd850
Event: 1.183 Thread 0x0000025da924c810 DEOPT UNPACKING pc=0x0000025db4c39ea3 sp=0x0000008585ffd778 mode 2
Event: 1.225 Thread 0x0000025da924c810 Uncommon trap: trap_request=0xffffffde fr.pc=0x0000025db51c2bb4 relative=0x0000000000000554
Event: 1.225 Thread 0x0000025da924c810 Uncommon trap: reason=class_check action=maybe_recompile pc=0x0000025db51c2bb4 method=java.util.Collections$UnmodifiableCollection$1.<init>(Ljava/util/Collections$UnmodifiableCollection;)V @ 17 c2
Event: 1.225 Thread 0x0000025da924c810 DEOPT PACKING pc=0x0000025db51c2bb4 sp=0x0000008585ffe140
Event: 1.225 Thread 0x0000025da924c810 DEOPT UNPACKING pc=0x0000025db4c39ea3 sp=0x0000008585ffe088 mode 2
Event: 1.225 Thread 0x0000025da924c810 Uncommon trap: trap_request=0xffffffc6 fr.pc=0x0000025db51a9d9c relative=0x000000000000027c
Event: 1.225 Thread 0x0000025da924c810 Uncommon trap: reason=bimorphic_or_optimized_type_check action=maybe_recompile pc=0x0000025db51a9d9c method=java.util.Collections$UnmodifiableCollection$1.next()Ljava/lang/Object; @ 4 c2
Event: 1.225 Thread 0x0000025da924c810 DEOPT PACKING pc=0x0000025db51a9d9c sp=0x0000008585ffe150
Event: 1.225 Thread 0x0000025da924c810 DEOPT UNPACKING pc=0x0000025db4c39ea3 sp=0x0000008585ffe100 mode 2
Event: 1.225 Thread 0x0000025da924c810 Uncommon trap: trap_request=0xffffffc6 fr.pc=0x0000025db51a9d9c relative=0x000000000000027c
Event: 1.225 Thread 0x0000025da924c810 Uncommon trap: reason=bimorphic_or_optimized_type_check action=maybe_recompile pc=0x0000025db51a9d9c method=java.util.Collections$UnmodifiableCollection$1.next()Ljava/lang/Object; @ 4 c2
Event: 1.225 Thread 0x0000025da924c810 DEOPT PACKING pc=0x0000025db51a9d9c sp=0x0000008585ffe150
Event: 1.225 Thread 0x0000025da924c810 DEOPT UNPACKING pc=0x0000025db4c39ea3 sp=0x0000008585ffe100 mode 2

Classes loaded (20 events):
Event: 1.205 Loading class java/lang/invoke/VarHandleInts$FieldInstanceReadOnly done
Event: 1.205 Loading class java/lang/invoke/VarHandleInts$FieldInstanceReadWrite done
Event: 1.219 Loading class java/nio/file/FileVisitor
Event: 1.220 Loading class java/nio/file/FileVisitor done
Event: 1.246 Loading class java/io/StringWriter
Event: 1.246 Loading class java/io/StringWriter done
Event: 1.268 Loading class java/util/concurrent/locks/ReentrantReadWriteLock
Event: 1.269 Loading class java/util/concurrent/locks/ReadWriteLock
Event: 1.269 Loading class java/util/concurrent/locks/ReadWriteLock done
Event: 1.269 Loading class java/util/concurrent/locks/ReentrantReadWriteLock done
Event: 1.269 Loading class java/util/concurrent/locks/ReentrantReadWriteLock$NonfairSync
Event: 1.269 Loading class java/util/concurrent/locks/ReentrantReadWriteLock$Sync
Event: 1.269 Loading class java/util/concurrent/locks/ReentrantReadWriteLock$Sync done
Event: 1.269 Loading class java/util/concurrent/locks/ReentrantReadWriteLock$NonfairSync done
Event: 1.270 Loading class java/util/concurrent/locks/ReentrantReadWriteLock$Sync$ThreadLocalHoldCounter
Event: 1.270 Loading class java/util/concurrent/locks/ReentrantReadWriteLock$Sync$ThreadLocalHoldCounter done
Event: 1.272 Loading class java/util/concurrent/locks/ReentrantReadWriteLock$ReadLock
Event: 1.273 Loading class java/util/concurrent/locks/ReentrantReadWriteLock$ReadLock done
Event: 1.273 Loading class java/util/concurrent/locks/ReentrantReadWriteLock$WriteLock
Event: 1.273 Loading class java/util/concurrent/locks/ReentrantReadWriteLock$WriteLock done

Classes unloaded (0 events):
No events

Classes redefined (0 events):
No events

Internal exceptions (13 events):
Event: 0.217 Thread 0x0000025da924c810 Exception <a 'java/lang/NoSuchMethodError'{0x00000000eacb4e50}: 'void java.lang.invoke.DirectMethodHandle$Holder.invokeStatic(java.lang.Object, java.lang.Object, java.lang.Object)'> (0x00000000eacb4e50) 
thrown [s\src\hotspot\share\interpreter\linkResolver.cpp, line 759]
Event: 0.432 Thread 0x0000025da924c810 Exception <a 'java/lang/reflect/InvocationTargetException'{0x00000000eafe7ba0}> (0x00000000eafe7ba0) 
thrown [s\src\hotspot\share\runtime\reflection.cpp, line 1128]
Event: 0.841 Thread 0x0000025da924c810 Exception <a 'java/lang/ClassNotFoundException'{0x00000000eb8739d0}: sun/net/www/protocol/c/Handler> (0x00000000eb8739d0) 
thrown [s\src\hotspot\share\classfile\systemDictionary.cpp, line 256]
Event: 0.848 Thread 0x0000025da924c810 Exception <a 'java/io/FileNotFoundException'{0x00000000eb88b478}> (0x00000000eb88b478) 
thrown [s\src\hotspot\share\prims\jni.cpp, line 516]
Event: 0.848 Thread 0x0000025da924c810 Exception <a 'java/io/FileNotFoundException'{0x00000000eb88c188}> (0x00000000eb88c188) 
thrown [s\src\hotspot\share\prims\jni.cpp, line 516]
Event: 0.849 Thread 0x0000025da924c810 Exception <a 'java/io/FileNotFoundException'{0x00000000eb88ce78}> (0x00000000eb88ce78) 
thrown [s\src\hotspot\share\prims\jni.cpp, line 516]
Event: 0.849 Thread 0x0000025da924c810 Exception <a 'java/io/FileNotFoundException'{0x00000000eb88db38}> (0x00000000eb88db38) 
thrown [s\src\hotspot\share\prims\jni.cpp, line 516]
Event: 0.857 Thread 0x0000025da924c810 Implicit null exception at 0x0000025db51a2a72 to 0x0000025db51a2fe8
Event: 0.862 Thread 0x0000025da924c810 Exception <a 'java/io/FileNotFoundException'{0x00000000eb8c88c8}> (0x00000000eb8c88c8) 
thrown [s\src\hotspot\share\prims\jni.cpp, line 516]
Event: 1.213 Thread 0x0000025da924c810 Exception <a 'java/lang/ClassNotFoundException'{0x00000000ec0ecaf0}: sun/net/www/protocol/c/Handler> (0x00000000ec0ecaf0) 
thrown [s\src\hotspot\share\classfile\systemDictionary.cpp, line 256]
Event: 1.214 Thread 0x0000025da924c810 Exception <a 'java/lang/ClassNotFoundException'{0x00000000ec0ede20}: sun/net/www/protocol/c/Handler> (0x00000000ec0ede20) 
thrown [s\src\hotspot\share\classfile\systemDictionary.cpp, line 256]
Event: 1.214 Thread 0x0000025da924c810 Exception <a 'java/lang/ClassNotFoundException'{0x00000000ec0eef70}: sun/net/www/protocol/c/Handler> (0x00000000ec0eef70) 
thrown [s\src\hotspot\share\classfile\systemDictionary.cpp, line 256]
Event: 1.225 Thread 0x0000025da924c810 Exception <a 'java/io/FileNotFoundException'{0x00000000ec1127d0}> (0x00000000ec1127d0) 
thrown [s\src\hotspot\share\prims\jni.cpp, line 516]

VM Operations (8 events):
Event: 0.224 Executing VM operation: HandshakeAllThreads
Event: 0.224 Executing VM operation: HandshakeAllThreads done
Event: 0.334 Executing VM operation: HandshakeAllThreads
Event: 0.334 Executing VM operation: HandshakeAllThreads done
Event: 0.797 Executing VM operation: HandshakeAllThreads
Event: 0.797 Executing VM operation: HandshakeAllThreads done
Event: 0.824 Executing VM operation: HandshakeAllThreads
Event: 0.824 Executing VM operation: HandshakeAllThreads done

Events (13 events):
Event: 0.058 Thread 0x0000025da924c810 Thread added: 0x0000025da924c810
Event: 0.078 Thread 0x0000025dbf023020 Thread added: 0x0000025dbf023020
Event: 0.078 Thread 0x0000025dbf024290 Thread added: 0x0000025dbf024290
Event: 0.105 Thread 0x0000025dbf0272d0 Thread added: 0x0000025dbf0272d0
Event: 0.106 Thread 0x0000025dc4177030 Thread added: 0x0000025dc4177030
Event: 0.106 Thread 0x0000025dc417a470 Thread added: 0x0000025dc417a470
Event: 0.106 Thread 0x0000025dc417b580 Thread added: 0x0000025dc417b580
Event: 0.106 Thread 0x0000025dc4181680 Thread added: 0x0000025dc4181680
Event: 0.106 Thread 0x0000025dc41847f0 Thread added: 0x0000025dc41847f0
Event: 0.106 Thread 0x0000025dc418d8d0 Thread added: 0x0000025dc418d8d0
Event: 0.187 Thread 0x0000025dc426d7f0 Thread added: 0x0000025dc426d7f0
Event: 0.394 Thread 0x0000025dc43b12f0 Thread added: 0x0000025dc43b12f0
Event: 0.523 Thread 0x0000025dc43b3e90 Thread added: 0x0000025dc43b3e90


Dynamic libraries:
0x00007ff7b0820000 - 0x00007ff7b082e000 	c:\Users\nikit\.vscode\extensions\redhat.java-1.34.0-win32-x64\jre\17.0.12-win32-x86_64\bin\java.exe
0x00007ff905d90000 - 0x00007ff905fa7000 	C:\WINDOWS\SYSTEM32\ntdll.dll
0x00007ff905b70000 - 0x00007ff905c34000 	C:\WINDOWS\System32\KERNEL32.DLL
0x00007ff9032a0000 - 0x00007ff90364d000 	C:\WINDOWS\System32\KERNELBASE.dll
0x00007ff903180000 - 0x00007ff903291000 	C:\WINDOWS\System32\ucrtbase.dll
0x00007ff8ecc10000 - 0x00007ff8ecc27000 	c:\Users\nikit\.vscode\extensions\redhat.java-1.34.0-win32-x64\jre\17.0.12-win32-x86_64\bin\jli.dll
0x00007ff8ecfe0000 - 0x00007ff8ecffb000 	c:\Users\nikit\.vscode\extensions\redhat.java-1.34.0-win32-x64\jre\17.0.12-win32-x86_64\bin\VCRUNTIME140.dll
0x00007ff9050a0000 - 0x00007ff90524e000 	C:\WINDOWS\System32\USER32.dll
0x00007ff9030b0000 - 0x00007ff9030d6000 	C:\WINDOWS\System32\win32u.dll
0x00007ff903f20000 - 0x00007ff903f49000 	C:\WINDOWS\System32\GDI32.dll
0x00007ff8ee920000 - 0x00007ff8eebb3000 	C:\WINDOWS\WinSxS\amd64_microsoft.windows.common-controls_6595b64144ccf1df_6.0.22621.3672_none_2713b9d173822955\COMCTL32.dll
0x00007ff9036d0000 - 0x00007ff9037e9000 	C:\WINDOWS\System32\gdi32full.dll
0x00007ff9030e0000 - 0x00007ff90317a000 	C:\WINDOWS\System32\msvcp_win.dll
0x00007ff903f50000 - 0x00007ff903ff7000 	C:\WINDOWS\System32\msvcrt.dll
0x00007ff904000000 - 0x00007ff904031000 	C:\WINDOWS\System32\IMM32.DLL
0x00007ff8f07f0000 - 0x00007ff8f07fc000 	c:\Users\nikit\.vscode\extensions\redhat.java-1.34.0-win32-x64\jre\17.0.12-win32-x86_64\bin\vcruntime140_1.dll
0x00007ff8d5b80000 - 0x00007ff8d5c0d000 	c:\Users\nikit\.vscode\extensions\redhat.java-1.34.0-win32-x64\jre\17.0.12-win32-x86_64\bin\msvcp140.dll
0x00007ff88b0f0000 - 0x00007ff88bd5a000 	c:\Users\nikit\.vscode\extensions\redhat.java-1.34.0-win32-x64\jre\17.0.12-win32-x86_64\bin\server\jvm.dll
0x00007ff904f60000 - 0x00007ff905012000 	C:\WINDOWS\System32\ADVAPI32.dll
0x00007ff9046e0000 - 0x00007ff904789000 	C:\WINDOWS\System32\sechost.dll
0x00007ff9039d0000 - 0x00007ff9039f8000 	C:\WINDOWS\System32\bcrypt.dll
0x00007ff904de0000 - 0x00007ff904ef4000 	C:\WINDOWS\System32\RPCRT4.dll
0x00007ff904040000 - 0x00007ff9040b1000 	C:\WINDOWS\System32\WS2_32.dll
0x00007ff902f80000 - 0x00007ff902fcd000 	C:\WINDOWS\SYSTEM32\POWRPROF.dll
0x00007ff8fd690000 - 0x00007ff8fd6c4000 	C:\WINDOWS\SYSTEM32\WINMM.dll
0x00007ff8fa550000 - 0x00007ff8fa55a000 	C:\WINDOWS\SYSTEM32\VERSION.dll
0x00007ff902f60000 - 0x00007ff902f73000 	C:\WINDOWS\SYSTEM32\UMPDC.dll
0x00007ff902100000 - 0x00007ff902118000 	C:\WINDOWS\SYSTEM32\kernel.appcore.dll
0x00007ff8ef4a0000 - 0x00007ff8ef4aa000 	c:\Users\nikit\.vscode\extensions\redhat.java-1.34.0-win32-x64\jre\17.0.12-win32-x86_64\bin\jimage.dll
0x00007ff900950000 - 0x00007ff900b82000 	C:\WINDOWS\SYSTEM32\DBGHELP.DLL
0x00007ff9048a0000 - 0x00007ff904c2e000 	C:\WINDOWS\System32\combase.dll
0x00007ff903ac0000 - 0x00007ff903b97000 	C:\WINDOWS\System32\OLEAUT32.dll
0x00007ff8e9120000 - 0x00007ff8e9152000 	C:\WINDOWS\SYSTEM32\dbgcore.DLL
0x00007ff903650000 - 0x00007ff9036cb000 	C:\WINDOWS\System32\bcryptPrimitives.dll
0x00007ff8ed660000 - 0x00007ff8ed66e000 	c:\Users\nikit\.vscode\extensions\redhat.java-1.34.0-win32-x64\jre\17.0.12-win32-x86_64\bin\instrument.dll
0x00007ff8dc200000 - 0x00007ff8dc225000 	c:\Users\nikit\.vscode\extensions\redhat.java-1.34.0-win32-x64\jre\17.0.12-win32-x86_64\bin\java.dll
0x00007ff8ecaf0000 - 0x00007ff8ecb08000 	c:\Users\nikit\.vscode\extensions\redhat.java-1.34.0-win32-x64\jre\17.0.12-win32-x86_64\bin\zip.dll
0x00007ff905300000 - 0x00007ff905b67000 	C:\WINDOWS\System32\SHELL32.dll
0x00007ff901030000 - 0x00007ff90192f000 	C:\WINDOWS\SYSTEM32\windows.storage.dll
0x00007ff900ef0000 - 0x00007ff90102f000 	C:\WINDOWS\SYSTEM32\wintypes.dll
0x00007ff9047a0000 - 0x00007ff904899000 	C:\WINDOWS\System32\SHCORE.dll
0x00007ff904f00000 - 0x00007ff904f5e000 	C:\WINDOWS\System32\shlwapi.dll
0x00007ff902fe0000 - 0x00007ff903007000 	C:\WINDOWS\SYSTEM32\profapi.dll
0x00007ff8dd160000 - 0x00007ff8dd179000 	C:\Users\nikit\.vscode\extensions\redhat.java-1.34.0-win32-x64\jre\17.0.12-win32-x86_64\bin\net.dll
0x00007ff8fd8c0000 - 0x00007ff8fd9f6000 	C:\WINDOWS\SYSTEM32\WINHTTP.dll
0x00007ff902570000 - 0x00007ff9025d9000 	C:\WINDOWS\system32\mswsock.dll
0x00007ff8dd0c0000 - 0x00007ff8dd0d6000 	C:\Users\nikit\.vscode\extensions\redhat.java-1.34.0-win32-x64\jre\17.0.12-win32-x86_64\bin\nio.dll
0x00007ff8ecc80000 - 0x00007ff8ecc90000 	c:\Users\nikit\.vscode\extensions\redhat.java-1.34.0-win32-x64\jre\17.0.12-win32-x86_64\bin\verify.dll

dbghelp: loaded successfully - version: 4.0.5 - missing functions: none
symbol engine: initialized successfully - sym options: 0x614 - pdb path: .;c:\Users\nikit\.vscode\extensions\redhat.java-1.34.0-win32-x64\jre\17.0.12-win32-x86_64\bin;C:\WINDOWS\SYSTEM32;C:\WINDOWS\WinSxS\amd64_microsoft.windows.common-controls_6595b64144ccf1df_6.0.22621.3672_none_2713b9d173822955;c:\Users\nikit\.vscode\extensions\redhat.java-1.34.0-win32-x64\jre\17.0.12-win32-x86_64\bin\server

VM Arguments:
jvm_args: --add-modules=ALL-SYSTEM --add-opens=java.base/java.util=ALL-UNNAMED --add-opens=java.base/java.lang=ALL-UNNAMED --add-opens=java.base/sun.nio.fs=ALL-UNNAMED -Declipse.application=org.eclipse.jdt.ls.core.id1 -Dosgi.bundles.defaultStartLevel=4 -Declipse.product=org.eclipse.jdt.ls.core.product -Djava.import.generatesMetadataFilesAtProjectRoot=false -DDetectVMInstallationsJob.disabled=true -Dfile.encoding=utf8 -XX:+UseParallelGC -XX:GCTimeRatio=4 -XX:AdaptiveSizePolicyWeight=90 -Dsun.zip.disableMemoryMapping=true -Xmx1G -Xms100m -Xlog:disable -javaagent:c:\Users\nikit\.vscode\extensions\redhat.java-1.34.0-win32-x64\lombok\lombok-1.18.33.jar 
java_command: c:\Users\nikit\.vscode\extensions\redhat.java-1.34.0-win32-x64\server\plugins\org.eclipse.equinox.launcher_1.6.900.v20240613-2009.jar -configuration c:\Users\nikit\AppData\Roaming\Code\User\globalStorage\redhat.java\1.34.0\config_ss_win -data c:\Users\nikit\AppData\Roaming\Code\User\workspaceStorage\2e9366d7b4905fe2118edf5ad00f41c6\redhat.java\ss_ws --pipe=\\.\pipe\lsp-1467db628a3755e0ab78e42a0662bd05-sock
java_class_path (initial): c:\Users\nikit\.vscode\extensions\redhat.java-1.34.0-win32-x64\server\plugins\org.eclipse.equinox.launcher_1.6.900.v20240613-2009.jar
Launcher Type: SUN_STANDARD

[Global flags]
    uintx AdaptiveSizePolicyWeight                 = 90                                        {product} {command line}
     intx CICompilerCount                          = 4                                         {product} {ergonomic}
    uintx GCTimeRatio                              = 4                                         {product} {command line}
   size_t InitialHeapSize                          = 104857600                                 {product} {command line}
   size_t MaxHeapSize                              = 1073741824                                {product} {command line}
   size_t MaxNewSize                               = 357564416                                 {product} {ergonomic}
   size_t MinHeapDeltaBytes                        = 524288                                    {product} {ergonomic}
   size_t MinHeapSize                              = 104857600                                 {product} {command line}
   size_t NewSize                                  = 34603008                                  {product} {ergonomic}
    uintx NonNMethodCodeHeapSize                   = 5839372                                {pd product} {ergonomic}
    uintx NonProfiledCodeHeapSize                  = 122909434                              {pd product} {ergonomic}
   size_t OldSize                                  = 70254592                                  {product} {ergonomic}
    uintx ProfiledCodeHeapSize                     = 122909434                              {pd product} {ergonomic}
    uintx ReservedCodeCacheSize                    = 251658240                              {pd product} {ergonomic}
     bool SegmentedCodeCache                       = true                                      {product} {ergonomic}
   size_t SoftMaxHeapSize                          = 1073741824                             {manageable} {ergonomic}
     bool UseCompressedClassPointers               = true                           {product lp64_product} {ergonomic}
     bool UseCompressedOops                        = true                           {product lp64_product} {ergonomic}
     bool UseLargePagesIndividualAllocation        = false                                  {pd product} {ergonomic}
     bool UseParallelGC                            = true                                      {product} {command line}

Logging:
Log output configuration:
 #0: stdout all=off uptime,level,tags
 #1: stderr all=off uptime,level,tags

Environment Variables:
JAVA_HOME=C:\Program Files\Eclipse Adoptium\jdk-21.0.3.9-hotspot\
PATH=C:\Program Files\Eclipse Adoptium\jdk-21.0.3.9-hotspot\bin;C:\Program Files\Common Files\Oracle\Java\javapath;C:\WINDOWS\system32;C:\WINDOWS;C:\WINDOWS\System32\Wbem;C:\WINDOWS\System32\WindowsPowerShell\v1.0\;C:\WINDOWS\System32\OpenSSH\;C:\MinGW\bin;C:\Program Files\Git\cmd;C:\Program Files\Git\mingw64\bin;C:\Program Files\Git\usr\bin;C:\Program Files\nodejs\;C:\Program Files\MySQL\MySQL Server 8.0\bin;C:\Program Files\MySQL\MySQL Shell 8.0\bin\;C:\Users\nikit\AppData\Local\Programs\Python\Python312\Scripts\;C:\Users\nikit\AppData\Local\Programs\Python\Python312\;C:\Users\nikit\AppData\Local\Microsoft\WindowsApps;C:\Users\nikit\AppData\Local\Programs\Microsoft VS Code\bin;C:\Users\nikit\AppData\Roaming\npm;C:\Program Files\JetBrains\IntelliJ IDEA 2024.2.0.1\bin;
USERNAME=nikit
OS=Windows_NT
PROCESSOR_IDENTIFIER=Intel64 Family 6 Model 126 Stepping 5, GenuineIntel
TMP=C:\Users\nikit\AppData\Local\Temp
TEMP=C:\Users\nikit\AppData\Local\Temp



Periodic native trim disabled


---------------  S Y S T E M  ---------------

OS:
 Windows 11 , 64 bit Build 22621 (10.0.22621.3958)
OS uptime: 3 days 1:41 hours

CPU: total 8 (initial active 8) (4 cores per cpu, 2 threads per core) family 6 model 126 stepping 5 microcode 0xa6, cx8, cmov, fxsr, ht, mmx, 3dnowpref, sse, sse2, sse3, ssse3, sse4.1, sse4.2, popcnt, lzcnt, tsc, tscinvbit, avx, avx2, aes, erms, clmul, bmi1, bmi2, adx, avx512f, avx512dq, avx512cd, avx512bw, avx512vl, sha, fma, vzeroupper, avx512_vpopcntdq, avx512_vpclmulqdq, avx512_vaes, avx512_vnni, clflush, clflushopt, avx512_vbmi2, avx512_vbmi
Processor Information for processor 0
  Max Mhz: 1201, Current Mhz: 1000, Mhz Limit: 1201
Processor Information for processor 1
  Max Mhz: 1201, Current Mhz: 1201, Mhz Limit: 1201
Processor Information for processor 2
  Max Mhz: 1201, Current Mhz: 1201, Mhz Limit: 1201
Processor Information for processor 3
  Max Mhz: 1201, Current Mhz: 1201, Mhz Limit: 1201
Processor Information for processor 4
  Max Mhz: 1201, Current Mhz: 1201, Mhz Limit: 1201
Processor Information for processor 5
  Max Mhz: 1201, Current Mhz: 1201, Mhz Limit: 1201
Processor Information for processor 6
  Max Mhz: 1201, Current Mhz: 1201, Mhz Limit: 1201
Processor Information for processor 7
  Max Mhz: 1201, Current Mhz: 1201, Mhz Limit: 1201

Memory: 4k page, system-wide physical 7930M (503M free)
TotalPageFile size 14986M (AvailPageFile size 0M)
current process WorkingSet (physical memory assigned to process): 70M, peak: 70M
current process commit charge ("private bytes"): 199M, peak: 199M

vm_info: OpenJDK 64-Bit Server VM (17.0.12+7) for windows-amd64 JRE (17.0.12+7), built on Jul 16 2024 22:08:24 by "admin" with MS VC++ 16.10 / 16.11 (VS2019)

END.
