#
# There is insufficient memory for the Java Runtime Environment to continue.
# Native memory allocation (mmap) failed to map 65536 bytes. Error detail: Failed to commit metaspace.
# Possible reasons:
#   The system is out of physical RAM or swap space
#   This process is running with CompressedOops enabled, and the Java Heap may be blocking the growth of the native heap
# Possible solutions:
#   Reduce memory load on the system
#   Increase physical memory or swap space
#   Check if swap backing store is full
#   Decrease Java heap size (-Xmx/-Xms)
#   Decrease number of Java threads
#   Decrease Java thread stack sizes (-Xss)
#   Set larger code cache with -XX:ReservedCodeCacheSize=
#   JVM is running with Unscaled Compressed Oops mode in which the Java heap is
#     placed in the first 4GB address space. The Java Heap base address is the
#     maximum limit for the native heap growth. Please use -XX:HeapBaseMinAddress
#     to set the Java Heap base and to place the Java Heap above 4GB virtual address.
# This output file may be truncated or incomplete.
#
#  Out of Memory Error (virtualSpaceNode.cpp:110), pid=22380, tid=19164
#
# JRE version: OpenJDK Runtime Environment Temurin-17.0.12+7 (17.0.12+7) (build 17.0.12+7)
# Java VM: OpenJDK 64-Bit Server VM Temurin-17.0.12+7 (17.0.12+7, mixed mode, tiered, compressed oops, compressed class ptrs, parallel gc, windows-amd64)
# No core dump will be written. Minidumps are not enabled by default on client versions of Windows
#

---------------  S U M M A R Y ------------

Command Line: --add-modules=ALL-SYSTEM --add-opens=java.base/java.util=ALL-UNNAMED --add-opens=java.base/java.lang=ALL-UNNAMED --add-opens=java.base/sun.nio.fs=ALL-UNNAMED -Declipse.application=org.eclipse.jdt.ls.core.id1 -Dosgi.bundles.defaultStartLevel=4 -Declipse.product=org.eclipse.jdt.ls.core.product -Djava.import.generatesMetadataFilesAtProjectRoot=false -DDetectVMInstallationsJob.disabled=true -Dfile.encoding=utf8 -XX:+UseParallelGC -XX:GCTimeRatio=4 -XX:AdaptiveSizePolicyWeight=90 -Dsun.zip.disableMemoryMapping=true -Xmx1G -Xms100m -Xlog:disable -javaagent:c:\Users\nikit\.vscode\extensions\redhat.java-1.34.0-win32-x64\lombok\lombok-1.18.33.jar -XX:+HeapDumpOnOutOfMemoryError -XX:HeapDumpPath=c:\Users\nikit\AppData\Roaming\Code\User\workspaceStorage\2e9366d7b4905fe2118edf5ad00f41c6\redhat.java -Daether.dependencyCollector.impl=bf c:\Users\nikit\.vscode\extensions\redhat.java-1.34.0-win32-x64\server\plugins\org.eclipse.equinox.launcher_1.6.900.v20240613-2009.jar -configuration c:\Users\nikit\AppData\Roaming\Code\User\globalStorage\redhat.java\1.34.0\config_win -data c:\Users\nikit\AppData\Roaming\Code\User\workspaceStorage\2e9366d7b4905fe2118edf5ad00f41c6\redhat.java\jdt_ws --pipe=\\.\pipe\lsp-c3c49c38a8bd55ad80b8db0a54257bf7-sock

Host: Intel(R) Core(TM) i5-1035G1 CPU @ 1.00GHz, 8 cores, 7G,  Windows 11 , 64 bit Build 22621 (10.0.22621.3958)
Time: Mon Sep 16 09:02:38 2024 India Standard Time elapsed time: 1.143264 seconds (0d 0h 0m 1s)

---------------  T H R E A D  ---------------

Current thread (0x0000021ee77bb6a0):  JavaThread "main" [_thread_in_vm, id=19164, stack(0x00000084dfd00000,0x00000084dfe00000)]

Stack: [0x00000084dfd00000,0x00000084dfe00000]
Native frames: (J=compiled Java code, j=interpreted, Vv=VM code, C=native code)
V  [jvm.dll+0x67f929]
V  [jvm.dll+0x8371ba]
V  [jvm.dll+0x838c7e]
V  [jvm.dll+0x8392e3]
V  [jvm.dll+0x24834f]
V  [jvm.dll+0x832e6d]
V  [jvm.dll+0x623e9e]
V  [jvm.dll+0x623f0a]
V  [jvm.dll+0x626724]
V  [jvm.dll+0x624846]
V  [jvm.dll+0x245bec]
V  [jvm.dll+0x6d5dad]
V  [jvm.dll+0x6d67ef]
V  [jvm.dll+0x374364]
V  [jvm.dll+0x3733e4]
V  [jvm.dll+0x373388]
V  [jvm.dll+0x38343a]
C  0x0000021ef199afa5

The last pc belongs to new (printed below).
Java frames: (J=compiled Java code, j=interpreted, Vv=VM code)
j  java.lang.reflect.Proxy$ProxyBuilder.build()Ljava/lang/reflect/Constructor;+80 java.base@17.0.12
j  java.lang.reflect.Proxy.lambda$getProxyConstructor$0(Ljava/lang/ClassLoader;Ljdk/internal/loader/AbstractClassLoaderValue$Sub;)Ljava/lang/reflect/Constructor;+15 java.base@17.0.12
j  java.lang.reflect.Proxy$$Lambda$31+0x00000001000d5598.apply(Ljava/lang/Object;Ljava/lang/Object;)Ljava/lang/Object;+8 java.base@17.0.12
j  jdk.internal.loader.AbstractClassLoaderValue$Memoizer.get()Ljava/lang/Object;+75 java.base@17.0.12
j  jdk.internal.loader.AbstractClassLoaderValue.computeIfAbsent(Ljava/lang/ClassLoader;Ljava/util/function/BiFunction;)Ljava/lang/Object;+63 java.base@17.0.12
j  java.lang.reflect.Proxy.getProxyConstructor(Ljava/lang/Class;Ljava/lang/ClassLoader;[Ljava/lang/Class;)Ljava/lang/reflect/Constructor;+40 java.base@17.0.12
j  java.lang.reflect.Proxy.newProxyInstance(Ljava/lang/ClassLoader;[Ljava/lang/Class;Ljava/lang/reflect/InvocationHandler;)Ljava/lang/Object;+22 java.base@17.0.12
j  sun.reflect.annotation.AnnotationParser$1.run()Ljava/lang/annotation/Annotation;+33 java.base@17.0.12
j  sun.reflect.annotation.AnnotationParser$1.run()Ljava/lang/Object;+1 java.base@17.0.12
j  java.security.AccessController.executePrivileged(Ljava/security/PrivilegedAction;Ljava/security/AccessControlContext;Ljava/lang/Class;)Ljava/lang/Object;+29 java.base@17.0.12
j  java.security.AccessController.doPrivileged(Ljava/security/PrivilegedAction;)Ljava/lang/Object;+5 java.base@17.0.12
j  sun.reflect.annotation.AnnotationParser.annotationForMap(Ljava/lang/Class;Ljava/util/Map;)Ljava/lang/annotation/Annotation;+9 java.base@17.0.12
j  sun.reflect.annotation.AnnotationParser.parseAnnotation2(Ljava/nio/ByteBuffer;Ljdk/internal/reflect/ConstantPool;Ljava/lang/Class;Z[Ljava/lang/Class;)Ljava/lang/annotation/Annotation;+267 java.base@17.0.12
j  sun.reflect.annotation.AnnotationParser.parseAnnotations2([BLjdk/internal/reflect/ConstantPool;Ljava/lang/Class;[Ljava/lang/Class;)Ljava/util/Map;+41 java.base@17.0.12
j  sun.reflect.annotation.AnnotationParser.parseSelectAnnotations([BLjdk/internal/reflect/ConstantPool;Ljava/lang/Class;[Ljava/lang/Class;)Ljava/util/Map;+12 java.base@17.0.12
j  sun.reflect.annotation.AnnotationType.<init>(Ljava/lang/Class;)V+291 java.base@17.0.12
j  sun.reflect.annotation.AnnotationType.getInstance(Ljava/lang/Class;)Lsun/reflect/annotation/AnnotationType;+21 java.base@17.0.12
j  sun.reflect.annotation.AnnotationParser.parseAnnotation2(Ljava/nio/ByteBuffer;Ljdk/internal/reflect/ConstantPool;Ljava/lang/Class;Z[Ljava/lang/Class;)Ljava/lang/annotation/Annotation;+103 java.base@17.0.12
j  sun.reflect.annotation.AnnotationParser.parseAnnotations2([BLjdk/internal/reflect/ConstantPool;Ljava/lang/Class;[Ljava/lang/Class;)Ljava/util/Map;+41 java.base@17.0.12
j  sun.reflect.annotation.AnnotationParser.parseAnnotations([BLjdk/internal/reflect/ConstantPool;Ljava/lang/Class;)Ljava/util/Map;+12 java.base@17.0.12
j  java.lang.reflect.Executable.declaredAnnotations()Ljava/util/Map;+62 java.base@17.0.12
j  java.lang.reflect.Executable.declaredAnnotations()Ljava/util/Map;+35 java.base@17.0.12
j  java.lang.reflect.Executable.getAnnotation(Ljava/lang/Class;)Ljava/lang/annotation/Annotation;+7 java.base@17.0.12
j  java.lang.reflect.Method.getAnnotation(Ljava/lang/Class;)Ljava/lang/annotation/Annotation;+2 java.base@17.0.12
j  java.lang.reflect.AnnotatedElement.isAnnotationPresent(Ljava/lang/Class;)Z+2 java.base@17.0.12
j  java.lang.reflect.AccessibleObject.isAnnotationPresent(Ljava/lang/Class;)Z+2 java.base@17.0.12
j  jdk.internal.reflect.Reflection.isCallerSensitive(Ljava/lang/reflect/Method;)Z+18 java.base@17.0.12
j  jdk.internal.reflect.ReflectionFactory.newMethodAccessor(Ljava/lang/reflect/Method;)Ljdk/internal/reflect/MethodAccessor;+4 java.base@17.0.12
j  java.lang.reflect.Method.acquireMethodAccessor()Ljdk/internal/reflect/MethodAccessor;+33 java.base@17.0.12
j  java.lang.reflect.Method.invoke(Ljava/lang/Object;[Ljava/lang/Object;)Ljava/lang/Object;+52 java.base@17.0.12
j  org.eclipse.osgi.internal.framework.EquinoxContainer.<init>(Ljava/util/Map;Lorg/osgi/framework/connect/ModuleConnector;)V+37
j  org.eclipse.osgi.launch.Equinox.<init>(Ljava/util/Map;Lorg/osgi/framework/connect/ModuleConnector;)V+10
j  org.eclipse.osgi.launch.Equinox.<init>(Ljava/util/Map;)V+3
j  org.eclipse.core.runtime.adaptor.EclipseStarter.startup([Ljava/lang/String;Ljava/lang/Runnable;)Lorg/osgi/framework/BundleContext;+28
j  org.eclipse.core.runtime.adaptor.EclipseStarter.run([Ljava/lang/String;Ljava/lang/Runnable;)Ljava/lang/Object;+21
v  ~StubRoutines::call_stub
j  jdk.internal.reflect.NativeMethodAccessorImpl.invoke0(Ljava/lang/reflect/Method;Ljava/lang/Object;[Ljava/lang/Object;)Ljava/lang/Object;+0 java.base@17.0.12
j  jdk.internal.reflect.NativeMethodAccessorImpl.invoke(Ljava/lang/Object;[Ljava/lang/Object;)Ljava/lang/Object;+133 java.base@17.0.12
j  jdk.internal.reflect.DelegatingMethodAccessorImpl.invoke(Ljava/lang/Object;[Ljava/lang/Object;)Ljava/lang/Object;+6 java.base@17.0.12
j  java.lang.reflect.Method.invoke(Ljava/lang/Object;[Ljava/lang/Object;)Ljava/lang/Object;+59 java.base@17.0.12
j  org.eclipse.equinox.launcher.Main.invokeFramework([Ljava/lang/String;[Ljava/net/URL;)V+202
j  org.eclipse.equinox.launcher.Main.basicRun([Ljava/lang/String;)V+159
j  org.eclipse.equinox.launcher.Main.run([Ljava/lang/String;)I+4
j  org.eclipse.equinox.launcher.Main.main([Ljava/lang/String;)V+10
v  ~StubRoutines::call_stub
new  187 new  [0x0000021ef199ae20, 0x0000021ef199b040]  544 bytes
[MachCode]
  0x0000021ef199ae20: 4883 ec08 | c5fa 1104 | 24eb 1f48 | 83ec 10c5 | fb11 0424 | eb14 4883 | ec10 4889 | 0424 48c7 
  0x0000021ef199ae40: 4424 0800 | 0000 00eb | 0150 410f | b755 010f | cac1 ea10 | 488b 4de8 | 488b 4908 | 488b 4908 
  0x0000021ef199ae60: 488b 4108 | 807c 1004 | 070f 85d6 | 0000 0066 | 8b54 d148 | 488b 4928 | 488b 4cd1 | 0851 80b9 
  0x0000021ef199ae80: 3301 0000 | 040f 85b9 | 0000 008b | 5108 f7c2 | 0100 0000 | 0f85 aa00 | 0000 498b | 8708 0100 
  0x0000021ef199aea0: 0048 8d1c | 1049 3b9f | 1801 0000 | 0f87 9200 | 0000 4989 | 9f08 0100 | 00e9 0000 | 0000 4883 
  0x0000021ef199aec0: ea10 0f84 | 0f00 0000 | 33c9 c1ea | 0348 894c | d008 48ff | ca75 f648 | c700 0100 | 0000 5933 
  0x0000021ef199aee0: f689 700c | 48c1 e903 | 8948 0849 | bad9 b5c7 | 8bf8 7f00 | 0041 803a | 000f 8440 | 0000 0050 
  0x0000021ef199af00: 488b c848 | 83ec 20f7 | c40f 0000 | 000f 841a | 0000 0048 | 83ec 0849 | bab0 4c7d | 8bf8 7f00 
  0x0000021ef199af20: 0041 ffd2 | 4883 c408 | e90d 0000 | 0049 bab0 | 4c7d 8bf8 | 7f00 0041 | ffd2 4883 | c420 58e9 
  0x0000021ef199af40: cd00 0000 | 5948 8b55 | e848 8b52 | 0848 8b52 | 0845 0fb7 | 4501 410f | c841 c1e8 | 10e8 0500 
  0x0000021ef199af60: 0000 e9aa | 0000 0048 | 8d44 2408 | 4c89 6dc0 | 498b cfc5 | f877 4989 | afa8 0200 | 0049 8987 
  0x0000021ef199af80: 9802 0000 | 4883 ec20 | f7c4 0f00 | 0000 0f84 | 1a00 0000 | 4883 ec08 | 49ba b033 | 478b f87f 
  0x0000021ef199afa0: 0000 41ff | d248 83c4 | 08e9 0d00 | 0000 49ba | b033 478b | f87f 0000 | 41ff d248 | 83c4 2049 
  0x0000021ef199afc0: c787 9802 | 0000 0000 | 0000 49c7 | 87a8 0200 | 0000 0000 | 0049 c787 | a002 0000 | 0000 0000 
  0x0000021ef199afe0: c5f8 7749 | 817f 0800 | 0000 000f | 8405 0000 | 00e9 0a5f | feff 498b | 87f0 0200 | 0049 c787 
  0x0000021ef199b000: f002 0000 | 0000 0000 | 4c8b 6dc0 | 4c8b 75c8 | c341 0fb6 | 5d03 4983 | c503 49ba | 9022 ca8b 
  0x0000021ef199b020: f87f 0000 | 41ff 24da | 0000 0000 | 0000 0000 | 0000 0000 | 0000 0000 | 0000 0000 | 0000 0000 
[/MachCode]

---------------  P R O C E S S  ---------------

Threads class SMR info:
_java_thread_list=0x0000021e853c3680, length=13, elements={
0x0000021ee77bb6a0, 0x0000021efb643010, 0x0000021efb643bd0, 0x0000021e85068f20,
0x0000021e850697f0, 0x0000021e8506abf0, 0x0000021e8506bff0, 0x0000021e85076200,
0x0000021e85080230, 0x0000021e85089b40, 0x0000021e850c92e0, 0x0000021e85229d60,
0x0000021e86280750
}

Java Threads: ( => current thread )
=>0x0000021ee77bb6a0 JavaThread "main" [_thread_in_vm, id=19164, stack(0x00000084dfd00000,0x00000084dfe00000)]
  0x0000021efb643010 JavaThread "Reference Handler" daemon [_thread_blocked, id=9740, stack(0x00000084e0000000,0x00000084e0100000)]
  0x0000021efb643bd0 JavaThread "Finalizer" daemon [_thread_blocked, id=24180, stack(0x00000084e0100000,0x00000084e0200000)]
  0x0000021e85068f20 JavaThread "Signal Dispatcher" daemon [_thread_blocked, id=10696, stack(0x00000084e0200000,0x00000084e0300000)]
  0x0000021e850697f0 JavaThread "Attach Listener" daemon [_thread_blocked, id=17688, stack(0x00000084e0300000,0x00000084e0400000)]
  0x0000021e8506abf0 JavaThread "Service Thread" daemon [_thread_blocked, id=25264, stack(0x00000084e0400000,0x00000084e0500000)]
  0x0000021e8506bff0 JavaThread "Monitor Deflation Thread" daemon [_thread_blocked, id=24640, stack(0x00000084e0500000,0x00000084e0600000)]
  0x0000021e85076200 JavaThread "C2 CompilerThread0" daemon [_thread_blocked, id=1800, stack(0x00000084e0600000,0x00000084e0700000)]
  0x0000021e85080230 JavaThread "C1 CompilerThread0" daemon [_thread_blocked, id=8440, stack(0x00000084e0700000,0x00000084e0800000)]
  0x0000021e85089b40 JavaThread "Sweeper thread" daemon [_thread_blocked, id=19208, stack(0x00000084e0800000,0x00000084e0900000)]
  0x0000021e850c92e0 JavaThread "Common-Cleaner" daemon [_thread_blocked, id=25220, stack(0x00000084e0900000,0x00000084e0a00000)]
  0x0000021e85229d60 JavaThread "C2 CompilerThread1" daemon [_thread_blocked, id=6940, stack(0x00000084e0a00000,0x00000084e0b00000)]
  0x0000021e86280750 JavaThread "Notification Thread" daemon [_thread_blocked, id=13572, stack(0x00000084e0b00000,0x00000084e0c00000)]

Other Threads:
  0x0000021e850414b0 VMThread "VM Thread" [stack: 0x00000084dff00000,0x00000084e0000000] [id=24208]
  0x0000021e853c58b0 WatcherThread [stack: 0x00000084e0c00000,0x00000084e0d00000] [id=8832]
  0x0000021ee77d1bf0 GCTaskThread "GC Thread#0" [stack: 0x00000084dfe00000,0x00000084dff00000] [id=18152]

Threads with active compile tasks:

VM state: not at safepoint (normal execution)

VM Mutex/Monitor currently owned by a thread:  ([mutex/lock_event])
[0x0000021ee77b6180] Metaspace_lock - owner thread: 0x0000021ee77bb6a0

Heap address: 0x00000000c0000000, size: 1024 MB, Compressed Oops mode: 32-bit

CDS archive(s) not mapped
Compressed class space mapped at: 0x0000000100000000-0x0000000140000000, reserved size: 1073741824
Narrow klass base: 0x0000000000000000, Narrow klass shift: 3, Narrow klass range: 0x140000000

GC Precious Log:
 CPUs: 8 total, 8 available
 Memory: 7930M
 Large Page Support: Disabled
 NUMA Support: Disabled
 Compressed Oops: Enabled (32-bit)
 Alignments: Space 512K, Generation 512K, Heap 2M
 Heap Min Capacity: 100M
 Heap Initial Capacity: 100M
 Heap Max Capacity: 1G
 Pre-touch: Disabled
 Parallel Workers: 8

Heap:
 PSYoungGen      total 29696K, used 18560K [0x00000000eab00000, 0x00000000ecc00000, 0x0000000100000000)
  eden space 25600K, 72% used [0x00000000eab00000,0x00000000ebd20010,0x00000000ec400000)
  from space 4096K, 0% used [0x00000000ec800000,0x00000000ec800000,0x00000000ecc00000)
  to   space 4096K, 0% used [0x00000000ec400000,0x00000000ec400000,0x00000000ec800000)
 ParOldGen       total 68608K, used 0K [0x00000000c0000000, 0x00000000c4300000, 0x00000000eab00000)
  object space 68608K, 0% used [0x00000000c0000000,0x00000000c0000000,0x00000000c4300000)
 Metaspace       used 9750K, committed 9856K, reserved 1114112K
  class space    used 974K, committed 1024K, reserved 1048576K

Card table byte_map: [0x0000021ee7150000,0x0000021ee7360000] _byte_map_base: 0x0000021ee6b50000

Marking Bits: (ParMarkBitMap*) 0x00007ff88bc958b0
 Begin Bits: [0x0000021ef9450000, 0x0000021efa450000)
 End Bits:   [0x0000021efa450000, 0x0000021efb450000)

Polling page: 0x0000021ee5750000

Metaspace:

Usage:
  Non-class:      8.57 MB used.
      Class:    974.34 KB used.
       Both:      9.52 MB used.

Virtual space:
  Non-class space:       64.00 MB reserved,       8.62 MB ( 13%) committed,  1 nodes.
      Class space:        1.00 GB reserved,       1.00 MB ( <1%) committed,  1 nodes.
             Both:        1.06 GB reserved,       9.62 MB ( <1%) committed. 

Chunk freelists:
   Non-Class:  6.78 MB
       Class:  15.00 MB
        Both:  21.78 MB

MaxMetaspaceSize: unlimited
CompressedClassSpaceSize: 1.00 GB
Initial GC threshold: 21.00 MB
Current GC threshold: 21.00 MB
CDS: off
MetaspaceReclaimPolicy: balanced
 - commit_granule_bytes: 65536.
 - commit_granule_words: 8192.
 - virtual_space_node_default_size: 8388608.
 - enlarge_chunks_in_place: 1.
 - new_chunks_are_fully_committed: 0.
 - uncommit_free_chunks: 1.
 - use_allocation_guard: 0.
 - handle_deallocations: 1.


Internal statistics:

num_allocs_failed_limit: 0.
num_arena_births: 14.
num_arena_deaths: 0.
num_vsnodes_births: 2.
num_vsnodes_deaths: 0.
num_space_committed: 154.
num_space_uncommitted: 0.
num_chunks_returned_to_freelist: 0.
num_chunks_taken_from_freelist: 64.
num_chunk_merges: 0.
num_chunk_splits: 36.
num_chunks_enlarged: 29.
num_inconsistent_stats: 0.

CodeHeap 'non-profiled nmethods': size=120000Kb used=304Kb max_used=304Kb free=119695Kb
 bounds [0x0000021ef1f20000, 0x0000021ef2190000, 0x0000021ef9450000]
CodeHeap 'profiled nmethods': size=120000Kb used=1246Kb max_used=1246Kb free=118753Kb
 bounds [0x0000021eea450000, 0x0000021eea6c0000, 0x0000021ef1980000]
CodeHeap 'non-nmethods': size=5760Kb used=1147Kb max_used=1163Kb free=4612Kb
 bounds [0x0000021ef1980000, 0x0000021ef1bf0000, 0x0000021ef1f20000]
 total_blobs=1184 nmethods=759 adapters=340
 compilation: enabled
              stopped_count=0, restarted_count=0
 full_count=0

Compilation events (20 events):
Event: 1.064 Thread 0x0000021e85229d60 nmethod 741 0x0000021ef1f6a990 code [0x0000021ef1f6ab20, 0x0000021ef1f6adb8]
Event: 1.064 Thread 0x0000021e85080230 nmethod 751 0x0000021eea585090 code [0x0000021eea5852a0, 0x0000021eea585bc8]
Event: 1.064 Thread 0x0000021e85080230  752       3       java.util.WeakHashMap::indexFor (6 bytes)
Event: 1.065 Thread 0x0000021e85080230 nmethod 752 0x0000021eea586010 code [0x0000021eea5861a0, 0x0000021eea586298]
Event: 1.078 Thread 0x0000021e85080230  753       1       java.lang.invoke.MethodTypeForm::erasedType (5 bytes)
Event: 1.079 Thread 0x0000021e85080230 nmethod 753 0x0000021ef1f6b090 code [0x0000021ef1f6b220, 0x0000021ef1f6b2f8]
Event: 1.079 Thread 0x0000021e85080230  754       1       sun.invoke.util.Wrapper::basicTypeChar (5 bytes)
Event: 1.079 Thread 0x0000021e85080230 nmethod 754 0x0000021ef1f6b390 code [0x0000021ef1f6b520, 0x0000021ef1f6b5f8]
Event: 1.120 Thread 0x0000021e85080230  756       1       java.lang.reflect.Method::getName (5 bytes)
Event: 1.121 Thread 0x0000021e85080230 nmethod 756 0x0000021ef1f6ba90 code [0x0000021ef1f6bc20, 0x0000021ef1f6bcf8]
Event: 1.123 Thread 0x0000021e85080230  757       3       java.lang.invoke.MemberName::getReferenceKind (12 bytes)
Event: 1.123 Thread 0x0000021e85080230 nmethod 757 0x0000021eea586310 code [0x0000021eea5864a0, 0x0000021eea5865b8]
Event: 1.125 Thread 0x0000021e85080230  758       3       jdk.internal.org.objectweb.asm.SymbolTable::addConstantClass (8 bytes)
Event: 1.125 Thread 0x0000021e85080230 nmethod 758 0x0000021eea586690 code [0x0000021eea586820, 0x0000021eea586968]
Event: 1.125 Thread 0x0000021e85080230  759       3       jdk.internal.org.objectweb.asm.SymbolTable::addConstantUtf8Reference (101 bytes)
Event: 1.126 Thread 0x0000021e85080230 nmethod 759 0x0000021eea586a10 code [0x0000021eea586c20, 0x0000021eea5871f8]
Event: 1.128 Thread 0x0000021e85229d60  760       4       jdk.internal.org.objectweb.asm.SymbolTable::get (13 bytes)
Event: 1.129 Thread 0x0000021e85229d60 nmethod 760 0x0000021ef1f6bd90 code [0x0000021ef1f6bf00, 0x0000021ef1f6bfd8]
Event: 1.130 Thread 0x0000021e85080230  761       3       jdk.internal.org.objectweb.asm.ByteVector::putInt (74 bytes)
Event: 1.130 Thread 0x0000021e85080230 nmethod 761 0x0000021eea587510 code [0x0000021eea5876c0, 0x0000021eea587928]

GC Heap History (0 events):
No events

Dll operation events (8 events):
Event: 0.013 Loaded shared library c:\Users\nikit\.vscode\extensions\redhat.java-1.34.0-win32-x64\jre\17.0.12-win32-x86_64\bin\java.dll
Event: 0.241 Loaded shared library c:\Users\nikit\.vscode\extensions\redhat.java-1.34.0-win32-x64\jre\17.0.12-win32-x86_64\bin\zip.dll
Event: 0.245 Loaded shared library C:\Users\nikit\.vscode\extensions\redhat.java-1.34.0-win32-x64\jre\17.0.12-win32-x86_64\bin\instrument.dll
Event: 0.267 Loaded shared library C:\Users\nikit\.vscode\extensions\redhat.java-1.34.0-win32-x64\jre\17.0.12-win32-x86_64\bin\net.dll
Event: 0.272 Loaded shared library C:\Users\nikit\.vscode\extensions\redhat.java-1.34.0-win32-x64\jre\17.0.12-win32-x86_64\bin\nio.dll
Event: 0.287 Loaded shared library C:\Users\nikit\.vscode\extensions\redhat.java-1.34.0-win32-x64\jre\17.0.12-win32-x86_64\bin\zip.dll
Event: 0.309 Loaded shared library C:\Users\nikit\.vscode\extensions\redhat.java-1.34.0-win32-x64\jre\17.0.12-win32-x86_64\bin\jimage.dll
Event: 0.411 Loaded shared library c:\Users\nikit\.vscode\extensions\redhat.java-1.34.0-win32-x64\jre\17.0.12-win32-x86_64\bin\verify.dll

Deoptimization events (20 events):
Event: 1.021 Thread 0x0000021ee77bb6a0 DEOPT PACKING pc=0x0000021eea521c32 sp=0x00000084dfdfe5b0
Event: 1.021 Thread 0x0000021ee77bb6a0 DEOPT UNPACKING pc=0x0000021ef19da9e3 sp=0x00000084dfdfda08 mode 0
Event: 1.036 Thread 0x0000021ee77bb6a0 DEOPT PACKING pc=0x0000021eea521c32 sp=0x00000084dfdfa5b0
Event: 1.036 Thread 0x0000021ee77bb6a0 DEOPT UNPACKING pc=0x0000021ef19da9e3 sp=0x00000084dfdf9a08 mode 0
Event: 1.040 Thread 0x0000021ee77bb6a0 DEOPT PACKING pc=0x0000021eea521c32 sp=0x00000084dfdfa5a0
Event: 1.040 Thread 0x0000021ee77bb6a0 DEOPT UNPACKING pc=0x0000021ef19da9e3 sp=0x00000084dfdf99f8 mode 0
Event: 1.042 Thread 0x0000021ee77bb6a0 DEOPT PACKING pc=0x0000021eea521c32 sp=0x00000084dfdfa540
Event: 1.042 Thread 0x0000021ee77bb6a0 DEOPT UNPACKING pc=0x0000021ef19da9e3 sp=0x00000084dfdf9998 mode 0
Event: 1.046 Thread 0x0000021ee77bb6a0 DEOPT PACKING pc=0x0000021eea521b5a sp=0x00000084dfdfd990
Event: 1.046 Thread 0x0000021ee77bb6a0 DEOPT UNPACKING pc=0x0000021ef19da9e3 sp=0x00000084dfdfcde8 mode 0
Event: 1.051 Thread 0x0000021ee77bb6a0 DEOPT PACKING pc=0x0000021eea521b5a sp=0x00000084dfdfd290
Event: 1.051 Thread 0x0000021ee77bb6a0 DEOPT UNPACKING pc=0x0000021ef19da9e3 sp=0x00000084dfdfc6e8 mode 0
Event: 1.051 Thread 0x0000021ee77bb6a0 DEOPT PACKING pc=0x0000021eea521b5a sp=0x00000084dfdfd290
Event: 1.051 Thread 0x0000021ee77bb6a0 DEOPT UNPACKING pc=0x0000021ef19da9e3 sp=0x00000084dfdfc6e8 mode 0
Event: 1.054 Thread 0x0000021ee77bb6a0 DEOPT PACKING pc=0x0000021eea521b5a sp=0x00000084dfdfd1a0
Event: 1.054 Thread 0x0000021ee77bb6a0 DEOPT UNPACKING pc=0x0000021ef19da9e3 sp=0x00000084dfdfc5f8 mode 0
Event: 1.055 Thread 0x0000021ee77bb6a0 DEOPT PACKING pc=0x0000021eea521c32 sp=0x00000084dfdfd1a0
Event: 1.055 Thread 0x0000021ee77bb6a0 DEOPT UNPACKING pc=0x0000021ef19da9e3 sp=0x00000084dfdfc5f8 mode 0
Event: 1.055 Thread 0x0000021ee77bb6a0 DEOPT PACKING pc=0x0000021eea521c32 sp=0x00000084dfdfd1a0
Event: 1.055 Thread 0x0000021ee77bb6a0 DEOPT UNPACKING pc=0x0000021ef19da9e3 sp=0x00000084dfdfc5f8 mode 0

Classes loaded (20 events):
Event: 1.077 Loading class jdk/internal/loader/AbstractClassLoaderValue$Sub
Event: 1.077 Loading class jdk/internal/loader/AbstractClassLoaderValue$Sub done
Event: 1.080 Loading class java/lang/reflect/Proxy$ProxyBuilder
Event: 1.080 Loading class java/lang/reflect/Proxy$ProxyBuilder done
Event: 1.080 Loading class java/lang/PublicMethods
Event: 1.081 Loading class java/lang/PublicMethods done
Event: 1.081 Loading class java/util/LinkedHashMap$LinkedValueIterator
Event: 1.082 Loading class java/util/LinkedHashMap$LinkedValueIterator done
Event: 1.091 Loading class java/lang/module/ModuleDescriptor$Builder
Event: 1.092 Loading class java/lang/module/ModuleDescriptor$Builder done
Event: 1.113 Loading class java/lang/reflect/ProxyGenerator
Event: 1.117 Loading class java/lang/reflect/ProxyGenerator done
Event: 1.118 Loading class java/lang/reflect/ProxyGenerator$ProxyMethod
Event: 1.119 Loading class java/lang/reflect/ProxyGenerator$ProxyMethod done
Event: 1.124 Loading class java/lang/reflect/ProxyGenerator$PrimitiveTypeInfo
Event: 1.124 Loading class java/lang/reflect/ProxyGenerator$PrimitiveTypeInfo done
Event: 1.125 Loading class jdk/internal/org/objectweb/asm/Edge
Event: 1.125 Loading class jdk/internal/org/objectweb/asm/Edge done
Event: 1.133 Loading class java/lang/reflect/Proxy$ProxyBuilder$1
Event: 1.134 Loading class java/lang/reflect/Proxy$ProxyBuilder$1 done

Classes unloaded (0 events):
No events

Classes redefined (0 events):
No events

Internal exceptions (9 events):
Event: 0.200 Thread 0x0000021ee77bb6a0 Exception <a 'java/lang/NoSuchMethodError'{0x00000000eacb4f00}: 'void java.lang.invoke.DirectMethodHandle$Holder.invokeStatic(java.lang.Object, java.lang.Object, java.lang.Object)'> (0x00000000eacb4f00) 
thrown [s\src\hotspot\share\interpreter\linkResolver.cpp, line 759]
Event: 0.459 Thread 0x0000021ee77bb6a0 Exception <a 'java/lang/reflect/InvocationTargetException'{0x00000000eafe6ce8}> (0x00000000eafe6ce8) 
thrown [s\src\hotspot\share\runtime\reflection.cpp, line 1128]
Event: 0.888 Thread 0x0000021ee77bb6a0 Exception <a 'java/lang/ClassNotFoundException'{0x00000000eb87a8d8}: sun/net/www/protocol/c/Handler> (0x00000000eb87a8d8) 
thrown [s\src\hotspot\share\classfile\systemDictionary.cpp, line 256]
Event: 0.893 Thread 0x0000021ee77bb6a0 Exception <a 'java/io/FileNotFoundException'{0x00000000eb895fa0}> (0x00000000eb895fa0) 
thrown [s\src\hotspot\share\prims\jni.cpp, line 516]
Event: 0.894 Thread 0x0000021ee77bb6a0 Exception <a 'java/io/FileNotFoundException'{0x00000000eb896cb0}> (0x00000000eb896cb0) 
thrown [s\src\hotspot\share\prims\jni.cpp, line 516]
Event: 0.894 Thread 0x0000021ee77bb6a0 Exception <a 'java/io/FileNotFoundException'{0x00000000eb8979a0}> (0x00000000eb8979a0) 
thrown [s\src\hotspot\share\prims\jni.cpp, line 516]
Event: 0.894 Thread 0x0000021ee77bb6a0 Exception <a 'java/io/FileNotFoundException'{0x00000000eb898660}> (0x00000000eb898660) 
thrown [s\src\hotspot\share\prims\jni.cpp, line 516]
Event: 0.900 Thread 0x0000021ee77bb6a0 Implicit null exception at 0x0000021ef1f437f2 to 0x0000021ef1f43d68
Event: 0.906 Thread 0x0000021ee77bb6a0 Exception <a 'java/io/FileNotFoundException'{0x00000000eb8d3180}> (0x00000000eb8d3180) 
thrown [s\src\hotspot\share\prims\jni.cpp, line 516]

VM Operations (6 events):
Event: 0.212 Executing VM operation: HandshakeAllThreads
Event: 0.212 Executing VM operation: HandshakeAllThreads done
Event: 0.844 Executing VM operation: HandshakeAllThreads
Event: 0.844 Executing VM operation: HandshakeAllThreads done
Event: 0.876 Executing VM operation: HandshakeAllThreads
Event: 0.876 Executing VM operation: HandshakeAllThreads done

Events (13 events):
Event: 0.056 Thread 0x0000021ee77bb6a0 Thread added: 0x0000021ee77bb6a0
Event: 0.068 Thread 0x0000021efb643010 Thread added: 0x0000021efb643010
Event: 0.068 Thread 0x0000021efb643bd0 Thread added: 0x0000021efb643bd0
Event: 0.093 Thread 0x0000021e85068f20 Thread added: 0x0000021e85068f20
Event: 0.093 Thread 0x0000021e850697f0 Thread added: 0x0000021e850697f0
Event: 0.093 Thread 0x0000021e8506abf0 Thread added: 0x0000021e8506abf0
Event: 0.093 Thread 0x0000021e8506bff0 Thread added: 0x0000021e8506bff0
Event: 0.093 Thread 0x0000021e85076200 Thread added: 0x0000021e85076200
Event: 0.093 Thread 0x0000021e85080230 Thread added: 0x0000021e85080230
Event: 0.093 Thread 0x0000021e85089b40 Thread added: 0x0000021e85089b40
Event: 0.173 Thread 0x0000021e850c92e0 Thread added: 0x0000021e850c92e0
Event: 0.223 Thread 0x0000021e85229d60 Thread added: 0x0000021e85229d60
Event: 0.579 Thread 0x0000021e86280750 Thread added: 0x0000021e86280750


Dynamic libraries:
0x00007ff7b0820000 - 0x00007ff7b082e000 	c:\Users\nikit\.vscode\extensions\redhat.java-1.34.0-win32-x64\jre\17.0.12-win32-x86_64\bin\java.exe
0x00007ff905d90000 - 0x00007ff905fa7000 	C:\WINDOWS\SYSTEM32\ntdll.dll
0x00007ff905b70000 - 0x00007ff905c34000 	C:\WINDOWS\System32\KERNEL32.DLL
0x00007ff9032a0000 - 0x00007ff90364d000 	C:\WINDOWS\System32\KERNELBASE.dll
0x00007ff903180000 - 0x00007ff903291000 	C:\WINDOWS\System32\ucrtbase.dll
0x00007ff8ecc10000 - 0x00007ff8ecc27000 	c:\Users\nikit\.vscode\extensions\redhat.java-1.34.0-win32-x64\jre\17.0.12-win32-x86_64\bin\jli.dll
0x00007ff8ecfe0000 - 0x00007ff8ecffb000 	c:\Users\nikit\.vscode\extensions\redhat.java-1.34.0-win32-x64\jre\17.0.12-win32-x86_64\bin\VCRUNTIME140.dll
0x00007ff8ee920000 - 0x00007ff8eebb3000 	C:\WINDOWS\WinSxS\amd64_microsoft.windows.common-controls_6595b64144ccf1df_6.0.22621.3672_none_2713b9d173822955\COMCTL32.dll
0x00007ff9050a0000 - 0x00007ff90524e000 	C:\WINDOWS\System32\USER32.dll
0x00007ff903f50000 - 0x00007ff903ff7000 	C:\WINDOWS\System32\msvcrt.dll
0x00007ff9030b0000 - 0x00007ff9030d6000 	C:\WINDOWS\System32\win32u.dll
0x00007ff903f20000 - 0x00007ff903f49000 	C:\WINDOWS\System32\GDI32.dll
0x00007ff9036d0000 - 0x00007ff9037e9000 	C:\WINDOWS\System32\gdi32full.dll
0x00007ff9030e0000 - 0x00007ff90317a000 	C:\WINDOWS\System32\msvcp_win.dll
0x00007ff904000000 - 0x00007ff904031000 	C:\WINDOWS\System32\IMM32.DLL
0x00007ff8f07f0000 - 0x00007ff8f07fc000 	c:\Users\nikit\.vscode\extensions\redhat.java-1.34.0-win32-x64\jre\17.0.12-win32-x86_64\bin\vcruntime140_1.dll
0x00007ff8d5b80000 - 0x00007ff8d5c0d000 	c:\Users\nikit\.vscode\extensions\redhat.java-1.34.0-win32-x64\jre\17.0.12-win32-x86_64\bin\msvcp140.dll
0x00007ff88b0f0000 - 0x00007ff88bd5a000 	c:\Users\nikit\.vscode\extensions\redhat.java-1.34.0-win32-x64\jre\17.0.12-win32-x86_64\bin\server\jvm.dll
0x00007ff904f60000 - 0x00007ff905012000 	C:\WINDOWS\System32\ADVAPI32.dll
0x00007ff9046e0000 - 0x00007ff904789000 	C:\WINDOWS\System32\sechost.dll
0x00007ff9039d0000 - 0x00007ff9039f8000 	C:\WINDOWS\System32\bcrypt.dll
0x00007ff904de0000 - 0x00007ff904ef4000 	C:\WINDOWS\System32\RPCRT4.dll
0x00007ff904040000 - 0x00007ff9040b1000 	C:\WINDOWS\System32\WS2_32.dll
0x00007ff902f80000 - 0x00007ff902fcd000 	C:\WINDOWS\SYSTEM32\POWRPROF.dll
0x00007ff8fa550000 - 0x00007ff8fa55a000 	C:\WINDOWS\SYSTEM32\VERSION.dll
0x00007ff8fd690000 - 0x00007ff8fd6c4000 	C:\WINDOWS\SYSTEM32\WINMM.dll
0x00007ff902f60000 - 0x00007ff902f73000 	C:\WINDOWS\SYSTEM32\UMPDC.dll
0x00007ff902100000 - 0x00007ff902118000 	C:\WINDOWS\SYSTEM32\kernel.appcore.dll
0x00007ff8ef4a0000 - 0x00007ff8ef4aa000 	c:\Users\nikit\.vscode\extensions\redhat.java-1.34.0-win32-x64\jre\17.0.12-win32-x86_64\bin\jimage.dll
0x00007ff900950000 - 0x00007ff900b82000 	C:\WINDOWS\SYSTEM32\DBGHELP.DLL
0x00007ff9048a0000 - 0x00007ff904c2e000 	C:\WINDOWS\System32\combase.dll
0x00007ff903ac0000 - 0x00007ff903b97000 	C:\WINDOWS\System32\OLEAUT32.dll
0x00007ff8e9120000 - 0x00007ff8e9152000 	C:\WINDOWS\SYSTEM32\dbgcore.DLL
0x00007ff903650000 - 0x00007ff9036cb000 	C:\WINDOWS\System32\bcryptPrimitives.dll
0x00007ff8ed660000 - 0x00007ff8ed66e000 	c:\Users\nikit\.vscode\extensions\redhat.java-1.34.0-win32-x64\jre\17.0.12-win32-x86_64\bin\instrument.dll
0x00007ff8dc200000 - 0x00007ff8dc225000 	c:\Users\nikit\.vscode\extensions\redhat.java-1.34.0-win32-x64\jre\17.0.12-win32-x86_64\bin\java.dll
0x00007ff8ecaf0000 - 0x00007ff8ecb08000 	c:\Users\nikit\.vscode\extensions\redhat.java-1.34.0-win32-x64\jre\17.0.12-win32-x86_64\bin\zip.dll
0x00007ff905300000 - 0x00007ff905b67000 	C:\WINDOWS\System32\SHELL32.dll
0x00007ff901030000 - 0x00007ff90192f000 	C:\WINDOWS\SYSTEM32\windows.storage.dll
0x00007ff900ef0000 - 0x00007ff90102f000 	C:\WINDOWS\SYSTEM32\wintypes.dll
0x00007ff9047a0000 - 0x00007ff904899000 	C:\WINDOWS\System32\SHCORE.dll
0x00007ff904f00000 - 0x00007ff904f5e000 	C:\WINDOWS\System32\shlwapi.dll
0x00007ff902fe0000 - 0x00007ff903007000 	C:\WINDOWS\SYSTEM32\profapi.dll
0x00007ff8dd160000 - 0x00007ff8dd179000 	C:\Users\nikit\.vscode\extensions\redhat.java-1.34.0-win32-x64\jre\17.0.12-win32-x86_64\bin\net.dll
0x00007ff8fd8c0000 - 0x00007ff8fd9f6000 	C:\WINDOWS\SYSTEM32\WINHTTP.dll
0x00007ff902570000 - 0x00007ff9025d9000 	C:\WINDOWS\system32\mswsock.dll
0x00007ff8dd0c0000 - 0x00007ff8dd0d6000 	C:\Users\nikit\.vscode\extensions\redhat.java-1.34.0-win32-x64\jre\17.0.12-win32-x86_64\bin\nio.dll
0x00007ff8ecc80000 - 0x00007ff8ecc90000 	c:\Users\nikit\.vscode\extensions\redhat.java-1.34.0-win32-x64\jre\17.0.12-win32-x86_64\bin\verify.dll

dbghelp: loaded successfully - version: 4.0.5 - missing functions: none
symbol engine: initialized successfully - sym options: 0x614 - pdb path: .;c:\Users\nikit\.vscode\extensions\redhat.java-1.34.0-win32-x64\jre\17.0.12-win32-x86_64\bin;C:\WINDOWS\SYSTEM32;C:\WINDOWS\WinSxS\amd64_microsoft.windows.common-controls_6595b64144ccf1df_6.0.22621.3672_none_2713b9d173822955;c:\Users\nikit\.vscode\extensions\redhat.java-1.34.0-win32-x64\jre\17.0.12-win32-x86_64\bin\server

VM Arguments:
jvm_args: --add-modules=ALL-SYSTEM --add-opens=java.base/java.util=ALL-UNNAMED --add-opens=java.base/java.lang=ALL-UNNAMED --add-opens=java.base/sun.nio.fs=ALL-UNNAMED -Declipse.application=org.eclipse.jdt.ls.core.id1 -Dosgi.bundles.defaultStartLevel=4 -Declipse.product=org.eclipse.jdt.ls.core.product -Djava.import.generatesMetadataFilesAtProjectRoot=false -DDetectVMInstallationsJob.disabled=true -Dfile.encoding=utf8 -XX:+UseParallelGC -XX:GCTimeRatio=4 -XX:AdaptiveSizePolicyWeight=90 -Dsun.zip.disableMemoryMapping=true -Xmx1G -Xms100m -Xlog:disable -javaagent:c:\Users\nikit\.vscode\extensions\redhat.java-1.34.0-win32-x64\lombok\lombok-1.18.33.jar -XX:+HeapDumpOnOutOfMemoryError -XX:HeapDumpPath=c:\Users\nikit\AppData\Roaming\Code\User\workspaceStorage\2e9366d7b4905fe2118edf5ad00f41c6\redhat.java -Daether.dependencyCollector.impl=bf 
java_command: c:\Users\nikit\.vscode\extensions\redhat.java-1.34.0-win32-x64\server\plugins\org.eclipse.equinox.launcher_1.6.900.v20240613-2009.jar -configuration c:\Users\nikit\AppData\Roaming\Code\User\globalStorage\redhat.java\1.34.0\config_win -data c:\Users\nikit\AppData\Roaming\Code\User\workspaceStorage\2e9366d7b4905fe2118edf5ad00f41c6\redhat.java\jdt_ws --pipe=\\.\pipe\lsp-c3c49c38a8bd55ad80b8db0a54257bf7-sock
java_class_path (initial): c:\Users\nikit\.vscode\extensions\redhat.java-1.34.0-win32-x64\server\plugins\org.eclipse.equinox.launcher_1.6.900.v20240613-2009.jar
Launcher Type: SUN_STANDARD

[Global flags]
    uintx AdaptiveSizePolicyWeight                 = 90                                        {product} {command line}
     intx CICompilerCount                          = 4                                         {product} {ergonomic}
    uintx GCTimeRatio                              = 4                                         {product} {command line}
     bool HeapDumpOnOutOfMemoryError               = true                                   {manageable} {command line}
    ccstr HeapDumpPath                             = c:\Users\nikit\AppData\Roaming\Code\User\workspaceStorage\2e9366d7b4905fe2118edf5ad00f41c6\redhat.java         {manageable} {command line}
   size_t InitialHeapSize                          = 104857600                                 {product} {command line}
   size_t MaxHeapSize                              = 1073741824                                {product} {command line}
   size_t MaxNewSize                               = 357564416                                 {product} {ergonomic}
   size_t MinHeapDeltaBytes                        = 524288                                    {product} {ergonomic}
   size_t MinHeapSize                              = 104857600                                 {product} {command line}
   size_t NewSize                                  = 34603008                                  {product} {ergonomic}
    uintx NonNMethodCodeHeapSize                   = 5839372                                {pd product} {ergonomic}
    uintx NonProfiledCodeHeapSize                  = 122909434                              {pd product} {ergonomic}
   size_t OldSize                                  = 70254592                                  {product} {ergonomic}
    uintx ProfiledCodeHeapSize                     = 122909434                              {pd product} {ergonomic}
    uintx ReservedCodeCacheSize                    = 251658240                              {pd product} {ergonomic}
     bool SegmentedCodeCache                       = true                                      {product} {ergonomic}
   size_t SoftMaxHeapSize                          = 1073741824                             {manageable} {ergonomic}
     bool UseCompressedClassPointers               = true                           {product lp64_product} {ergonomic}
     bool UseCompressedOops                        = true                           {product lp64_product} {ergonomic}
     bool UseLargePagesIndividualAllocation        = false                                  {pd product} {ergonomic}
     bool UseParallelGC                            = true                                      {product} {command line}

Logging:
Log output configuration:
 #0: stdout all=off uptime,level,tags
 #1: stderr all=off uptime,level,tags

Environment Variables:
JAVA_HOME=C:\Program Files\Eclipse Adoptium\jdk-21.0.3.9-hotspot\
PATH=C:\Program Files\Eclipse Adoptium\jdk-21.0.3.9-hotspot\bin;C:\Program Files\Common Files\Oracle\Java\javapath;C:\WINDOWS\system32;C:\WINDOWS;C:\WINDOWS\System32\Wbem;C:\WINDOWS\System32\WindowsPowerShell\v1.0\;C:\WINDOWS\System32\OpenSSH\;C:\MinGW\bin;C:\Program Files\Git\cmd;C:\Program Files\Git\mingw64\bin;C:\Program Files\Git\usr\bin;C:\Program Files\nodejs\;C:\Program Files\MySQL\MySQL Server 8.0\bin;C:\Program Files\MySQL\MySQL Shell 8.0\bin\;C:\Users\nikit\AppData\Local\Programs\Python\Python312\Scripts\;C:\Users\nikit\AppData\Local\Programs\Python\Python312\;C:\Users\nikit\AppData\Local\Microsoft\WindowsApps;C:\Users\nikit\AppData\Local\Programs\Microsoft VS Code\bin;C:\Users\nikit\AppData\Roaming\npm;C:\Program Files\JetBrains\IntelliJ IDEA 2024.2.0.1\bin;
USERNAME=nikit
OS=Windows_NT
PROCESSOR_IDENTIFIER=Intel64 Family 6 Model 126 Stepping 5, GenuineIntel
TMP=C:\Users\nikit\AppData\Local\Temp
TEMP=C:\Users\nikit\AppData\Local\Temp



Periodic native trim disabled


---------------  S Y S T E M  ---------------

OS:
 Windows 11 , 64 bit Build 22621 (10.0.22621.3958)
OS uptime: 3 days 1:41 hours

CPU: total 8 (initial active 8) (4 cores per cpu, 2 threads per core) family 6 model 126 stepping 5 microcode 0xa6, cx8, cmov, fxsr, ht, mmx, 3dnowpref, sse, sse2, sse3, ssse3, sse4.1, sse4.2, popcnt, lzcnt, tsc, tscinvbit, avx, avx2, aes, erms, clmul, bmi1, bmi2, adx, avx512f, avx512dq, avx512cd, avx512bw, avx512vl, sha, fma, vzeroupper, avx512_vpopcntdq, avx512_vpclmulqdq, avx512_vaes, avx512_vnni, clflush, clflushopt, avx512_vbmi2, avx512_vbmi
Processor Information for processor 0
  Max Mhz: 1201, Current Mhz: 1000, Mhz Limit: 1201
Processor Information for processor 1
  Max Mhz: 1201, Current Mhz: 1201, Mhz Limit: 1201
Processor Information for processor 2
  Max Mhz: 1201, Current Mhz: 1000, Mhz Limit: 1201
Processor Information for processor 3
  Max Mhz: 1201, Current Mhz: 1000, Mhz Limit: 1201
Processor Information for processor 4
  Max Mhz: 1201, Current Mhz: 1201, Mhz Limit: 1201
Processor Information for processor 5
  Max Mhz: 1201, Current Mhz: 1201, Mhz Limit: 1201
Processor Information for processor 6
  Max Mhz: 1201, Current Mhz: 1201, Mhz Limit: 1201
Processor Information for processor 7
  Max Mhz: 1201, Current Mhz: 1201, Mhz Limit: 1201

Memory: 4k page, system-wide physical 7930M (504M free)
TotalPageFile size 14986M (AvailPageFile size 0M)
current process WorkingSet (physical memory assigned to process): 63M, peak: 63M
current process commit charge ("private bytes"): 197M, peak: 197M

vm_info: OpenJDK 64-Bit Server VM (17.0.12+7) for windows-amd64 JRE (17.0.12+7), built on Jul 16 2024 22:08:24 by "admin" with MS VC++ 16.10 / 16.11 (VS2019)

END.
